{
  "RSpec": {
    "coverage": {
      "/Users/kjolhede/turing/1module/projects/nightwriter/spec/convert_to_braille_spec.rb": {
        "lines": [
          1,
          1,
          null,
          null,
          null,
          1,
          1,
          3,
          3,
          null,
          3,
          3,
          null,
          null,
          1,
          1,
          null,
          null,
          1,
          1,
          1,
          null,
          null,
          1,
          1,
          null,
          1,
          null,
          null,
          null,
          1,
          1,
          1,
          1,
          null,
          1,
          1,
          1,
          1,
          null,
          null,
          1,
          1,
          null,
          1,
          null,
          null,
          null,
          1,
          1,
          2,
          2,
          null,
          2,
          2,
          2,
          2,
          2,
          null,
          null,
          1,
          1,
          1,
          null,
          null,
          1,
          null,
          1,
          1,
          null,
          1,
          null,
          null,
          null,
          1,
          1,
          1,
          1,
          null,
          1,
          1,
          1,
          1,
          1,
          1,
          1,
          null,
          null,
          null,
          1,
          1,
          1,
          1,
          1,
          1,
          1,
          null,
          null
        ]
      },
      "/Users/kjolhede/turing/1module/projects/nightwriter/lib/convert_to_braille.rb": {
        "lines": [
          1,
          null,
          1,
          1,
          1,
          null,
          1,
          null,
          7,
          null,
          null,
          null,
          null,
          null,
          null,
          null,
          null,
          null,
          null,
          null,
          null,
          null,
          null,
          null,
          null,
          null,
          null,
          null,
          null,
          null,
          null,
          null,
          null,
          null,
          null,
          null,
          null,
          null,
          null,
          null,
          null,
          null,
          null,
          null,
          1,
          5,
          null,
          null,
          1,
          74,
          null,
          null,
          1,
          3,
          null,
          null,
          1,
          8,
          null,
          null,
          null,
          null
        ]
      },
      "/Users/kjolhede/turing/1module/projects/nightwriter/lib/string_formatting.rb": {
        "lines": [
          1,
          null,
          1,
          null,
          3,
          3,
          9,
          null,
          3,
          null,
          null,
          null,
          null
        ]
      },
      "/Users/kjolhede/turing/1module/projects/nightwriter/spec/convert_to_english_spec.rb": {
        "lines": [

        ]
      }
    },
    "timestamp": 1646659304
  }
}
