{
  "RSpec": {
    "coverage": {
      "/Users/kjolhede/turing/1module/projects/nightwriter/spec/convert_to_braille_spec.rb": {
        "lines": [
          1,
          1,
          1,
          null,
          1,
          1,
          3,
          3,
          null,
          3,
          3,
          null,
          null,
          1,
          1,
          null,
          null,
          null,
          1,
          1,
          1,
          null,
          null,
          1,
          1,
          1,
          null,
          null,
          null,
          1,
          1,
          1,
          1,
          1,
          1,
          null,
          1,
          null,
          null,
          1,
          1,
          null,
          1,
          null,
          null,
          null,
          1,
          1,
          2,
          2,
          2,
          2,
          null,
          2,
          2,
          null,
          null,
          1,
          1,
          null,
          1,
          null,
          null,
          1,
          1,
          1,
          null,
          1,
          null,
          null,
          null,
          1,
          1,
          4,
          4,
          null,
          4,
          4,
          4,
          4,
          4,
          null,
          4,
          4,
          4,
          4,
          null,
          null,
          1,
          1,
          1,
          1,
          null,
          1,
          1,
          1,
          null,
          null,
          1,
          1,
          1,
          1,
          1,
          1,
          1,
          1,
          null,
          1,
          1,
          1,
          1,
          1,
          1,
          null,
          null,
          1,
          1,
          1,
          1,
          null,
          1,
          null,
          null,
          1,
          1,
          null,
          1,
          null,
          null,
          null,
          1,
          1,
          2,
          2,
          2,
          null,
          2,
          2,
          2,
          2,
          null,
          null,
          1,
          1,
          null,
          1,
          null,
          null,
          1,
          null,
          1,
          null,
          1,
          null,
          null
        ]
      },
      "/Users/kjolhede/turing/1module/projects/nightwriter/lib/convert_to_braille.rb": {
        "lines": [
          1,
          null,
          null,
          1,
          1,
          1,
          null,
          1,
          22,
          null,
          22,
          null,
          null,
          null,
          null,
          null,
          null,
          null,
          null,
          null,
          null,
          null,
          null,
          null,
          null,
          null,
          null,
          null,
          null,
          null,
          null,
          null,
          null,
          null,
          null,
          null,
          null,
          null,
          null,
          null,
          null,
          null,
          null,
          null,
          null,
          null,
          1,
          2,
          2,
          null,
          2,
          2,
          2,
          2,
          null,
          null,
          1,
          10,
          10,
          10,
          null,
          null,
          null,
          1,
          null,
          1221,
          9,
          9,
          null,
          null,
          null,
          1,
          28,
          null,
          null,
          null,
          null,
          null,
          1,
          3,
          2,
          2,
          2,
          2,
          null,
          1,
          null,
          null,
          null,
          null
        ]
      },
      "/Users/kjolhede/turing/1module/projects/nightwriter/lib/string_formatting.rb": {
        "lines": [
          1,
          null,
          1,
          null,
          12,
          null,
          12,
          36,
          null,
          12,
          null,
          null,
          null,
          null,
          1,
          12,
          null,
          null,
          null,
          null,
          1,
          3,
          null,
          null,
          null,
          null,
          null,
          null
        ]
      },
      "/Users/kjolhede/turing/1module/projects/nightwriter/lib/library.rb": {
        "lines": [
          1,
          1,
          null,
          null,
          1,
          1,
          null,
          null,
          1,
          null,
          null,
          null,
          null,
          null,
          null,
          null,
          null,
          null,
          null,
          null,
          null,
          null,
          null,
          null,
          null,
          null,
          null,
          null,
          null,
          null,
          null,
          null,
          null,
          null,
          null,
          null,
          1,
          null
        ]
      },
      "/Users/kjolhede/turing/1module/projects/nightwriter/lib/convert_to_english.rb": {
        "lines": [
          1,
          null,
          1,
          1,
          null,
          1,
          10,
          null,
          10,
          null,
          null,
          null,
          null,
          null,
          null,
          null,
          null,
          null,
          null,
          null,
          null,
          null,
          null,
          null,
          null,
          null,
          null,
          null,
          null,
          null,
          null,
          null,
          null,
          null,
          10,
          10,
          10,
          null,
          null,
          1,
          2,
          2,
          2,
          0,
          0,
          0,
          null,
          null,
          null,
          1,
          7,
          7,
          7,
          7,
          null,
          null,
          null,
          1,
          6,
          25,
          25,
          75,
          75,
          75,
          null,
          25,
          25,
          null,
          null,
          null,
          null,
          1,
          null,
          16,
          6,
          6,
          6,
          null,
          1,
          null,
          null,
          null,
          1,
          0,
          null,
          null,
          1,
          0,
          null,
          null,
          null
        ]
      },
      "/Users/kjolhede/turing/1module/projects/nightwriter/spec/convert_to_english_spec.rb": {
        "lines": [
          1,
          1,
          1,
          null,
          null,
          1,
          1,
          null,
          5,
          5,
          null,
          5,
          5,
          null,
          null,
          1,
          1,
          null,
          null,
          1,
          1,
          null,
          null,
          1,
          1,
          1,
          null,
          null,
          1,
          1,
          null,
          1,
          null,
          null,
          1,
          1,
          1,
          null,
          1,
          0,
          0,
          null,
          null,
          null,
          1,
          1,
          3,
          3,
          null,
          3,
          3,
          3,
          3,
          null,
          null,
          1,
          1,
          1,
          0,
          null,
          null,
          1,
          1,
          0,
          null,
          0,
          null,
          null,
          1,
          1,
          0,
          0,
          0,
          null,
          null,
          null,
          1,
          1,
          2,
          2,
          2,
          null,
          2,
          2,
          2,
          2,
          null,
          null,
          1,
          1,
          null,
          0,
          null,
          null,
          1,
          null,
          1,
          null,
          0,
          null,
          null
        ]
      }
    },
    "timestamp": 1646734446
  }
}
